2023-09-17 19:27:36,518 =============================================================
2023-09-17 19:27:36,518 =============================================================
2023-09-17 19:27:36,518 Today is 2023-09-17 at 07:27 PM
2023-09-17 19:27:36,546 This file is running on: nt Windows 10
2023-09-17 19:27:36,546 The Python version is: 3.11.2
2023-09-17 19:27:36,546 The active conda environment is:  None
2023-09-17 19:27:36,547 The active pip environment is:    None
2023-09-17 19:27:36,547 The active environment path is:   C:\Python311
2023-09-17 19:27:36,547 The current working directory is: C:\Users\reedb\Documents\NW University\datafun-03-datatypes
2023-09-17 19:27:36,547 This source file is in:           c:\Users\reedb\Documents\NW University\datafun-03-datatypes
2023-09-17 19:27:36,547 =============================================================
2023-09-17 19:27:36,547 =============================================================
2023-09-17 19:27:36,547 Calling functions from main block
2023-09-17 19:27:36,547 tupleA = (1, 2, 3, 4, 5)
2023-09-17 19:27:36,547 tupleB = (4, 5, 6, 7, 8)
2023-09-17 19:27:36,547 tupleA = (1, 2, 3, 4, 5)
2023-09-17 19:27:36,547 tupleB = (4, 5, 6, 7, 8)
2023-09-17 19:27:36,547 tupleCat = (1, 2, 3, 4, 5, 4, 5, 6, 7, 8)
2023-09-17 19:27:36,547 tupleAThrice = (1, 2, 3, 4, 5, 1, 2, 3, 4, 5, 1, 2, 3, 4, 5)
2023-09-17 19:27:36,547 Quotient: 3, Remainder: 1
2023-09-17 19:27:36,547 setA = {1, 2, 3, 4, 5}
2023-09-17 19:27:36,547 setB = {4, 5, 6, 7, 8}
2023-09-17 19:27:36,547 dogA_dict = {'name': 'Rex', 'age': 2, 'weight_kg': 13.4}
2023-09-17 19:27:36,547 dogB_dict = {'name': 'Fido', 'age': 3, 'weight_kg': 15.2}
2023-09-17 19:27:36,548 assessment_dict = {'low': 0, 'medium': 1, 'high': 2}
2023-09-17 19:27:36,548 data_dict = {'name': ['Alice', 'Bob', 'Charlie', 'David'], 'age': [25, 30, 35, 40], 'income': [50000, 60000, 70000, 80000]}
2023-09-17 19:27:36,548 Word count is a good way to begin processing text.
2023-09-17 19:27:36,548 Given text_simple.txt, the word_counts_dict = {'One': 1, 'fish': 3, 'two': 1, 'red': 1, 'blue': 1, 'fish.': 1}
2023-09-17 19:27:36,548 Given text_simple.txt and comprehensions,
2023-09-17 19:27:36,548 the the word_counts_dict2 = {'One': 1, 'fish': 3, 'two': 1, 'red': 1, 'blue': 1, 'fish.': 1}
2023-09-17 19:27:36,548 Add more logging statements to the code to see what happens.
2023-09-17 19:27:36,549 Explore enough to understand.
2023-09-17 19:27:36,549 Apply these skills to your own topic domain.
